{"/Users/rahulhanda/Downloads/Copy/ci-cd-pipeline/lambda/handler.ts": {"path":"/Users/rahulhanda/Downloads/Copy/ci-cd-pipeline/lambda/handler.ts","statementMap":{"0":{"start":{"line":4,"column":2},"end":{"line":4,"column":51}},"1":{"start":{"line":6,"column":2},"end":{"line":6,"column":55}},"2":{"start":{"line":8,"column":2},"end":{"line":11,"column":null}},"3":{"start":{"line":2,"column":0},"end":{"line":2,"column":7}}},"fnMap":{"0":{"name":"handler","decl":{"start":{"line":2,"column":22},"end":{"line":2,"column":29}},"loc":{"start":{"line":2,"column":58},"end":{"line":13,"column":1}}}},"branchMap":{},"s":{"0":1,"1":1,"2":1,"3":1},"f":{"0":1},"b":{}}
}
